# JRE version: OpenJDK Runtime Environment (17.0.11) (build 17.0.11+0--11852314)
# Java VM: OpenJDK 64-Bit Server VM (17.0.11+0--11852314, mixed mode, tiered, compressed oops, compressed class ptrs, g1 gc, windows-amd64)
GC Precious Log:
 CPUs: 4 total, 4 available
 Memory: 3521M
 Large Page Support: Disabled
 NUMA Support: Disabled
 Compressed Oops: Enabled (32-bit)
 Heap Region Size: 1M
 Heap Min Capacity: 256M
 Heap Initial Capacity: 256M
 Heap Max Capacity: 512M
 Pre-touch: Disabled
 Parallel Workers: 4
 Concurrent Workers: 1
 Concurrent Refinement Workers: 4
 Periodic GC: Disabled
Heap:
 garbage-first heap   total 262144K, used 153555K [0x00000000e0000000, 0x0000000100000000)
  region size 1024K, 87 young (89088K), 16 survivors (16384K)
 Metaspace       used 68482K, committed 69120K, reserved 393216K
  class space    used 9130K, committed 9408K, reserved 327680K
GC Heap History (18 events):
Event: 4.296 GC heap before
{Heap before GC invocations=0 (full 0):
 garbage-first heap   total 262144K, used 13312K [0x00000000e0000000, 0x0000000100000000)
  region size 1024K, 13 young (13312K), 0 survivors (0K)
 Metaspace       used 7684K, committed 7808K, reserved 393216K
  class space    used 676K, committed 704K, reserved 327680K
}
Event: 4.314 GC heap after
{Heap after GC invocations=1 (full 0):
 garbage-first heap   total 262144K, used 3424K [0x00000000e0000000, 0x0000000100000000)
  region size 1024K, 2 young (2048K), 2 survivors (2048K)
 Metaspace       used 7684K, committed 7808K, reserved 393216K
  class space    used 676K, committed 704K, reserved 327680K
}
Event: 7.147 GC heap before
{Heap before GC invocations=1 (full 0):
 garbage-first heap   total 262144K, used 23904K [0x00000000e0000000, 0x0000000100000000)
  region size 1024K, 18 young (18432K), 2 survivors (2048K)
 Metaspace       used 11432K, committed 11584K, reserved 393216K
  class space    used 1197K, committed 1280K, reserved 327680K
}
Event: 7.155 GC heap after
{Heap after GC invocations=2 (full 0):
 garbage-first heap   total 262144K, used 10614K [0x00000000e0000000, 0x0000000100000000)
  region size 1024K, 3 young (3072K), 3 survivors (3072K)
 Metaspace       used 11432K, committed 11584K, reserved 393216K
  class space    used 1197K, committed 1280K, reserved 327680K
}
Event: 8.410 GC heap before
{Heap before GC invocations=2 (full 0):
 garbage-first heap   total 262144K, used 33142K [0x00000000e0000000, 0x0000000100000000)
  region size 1024K, 25 young (25600K), 3 survivors (3072K)
 Metaspace       used 11502K, committed 11648K, reserved 393216K
  class space    used 1198K, committed 1280K, reserved 327680K
}
Event: 8.415 GC heap after
{Heap after GC invocations=3 (full 0):
 garbage-first heap   total 262144K, used 11348K [0x00000000e0000000, 0x0000000100000000)
  region size 1024K, 1 young (1024K), 1 survivors (1024K)
 Metaspace       used 11502K, committed 11648K, reserved 393216K
  class space    used 1198K, committed 1280K, reserved 327680K
}
Event: 15.836 GC heap before
{Heap before GC invocations=3 (full 0):
 garbage-first heap   total 262144K, used 59476K [0x00000000e0000000, 0x0000000100000000)
  region size 1024K, 48 young (49152K), 1 survivors (1024K)
 Metaspace       used 21282K, committed 21504K, reserved 393216K
  class space    used 2518K, committed 2624K, reserved 327680K
}
Event: 15.857 GC heap after
{Heap after GC invocations=4 (full 0):
 garbage-first heap   total 262144K, used 19152K [0x00000000e0000000, 0x0000000100000000)
  region size 1024K, 9 young (9216K), 9 survivors (9216K)
 Metaspace       used 21282K, committed 21504K, reserved 393216K
  class space    used 2518K, committed 2624K, reserved 327680K
}
Event: 31.320 GC heap before
{Heap before GC invocations=5 (full 0):
 garbage-first heap   total 262144K, used 139984K [0x00000000e0000000, 0x0000000100000000)
  region size 1024K, 117 young (119808K), 9 survivors (9216K)
 Metaspace       used 35671K, committed 35968K, reserved 393216K
  class space    used 4903K, committed 5056K, reserved 327680K
}
Event: 31.354 GC heap after
{Heap after GC invocations=6 (full 0):
 garbage-first heap   total 262144K, used 39529K [0x00000000e0000000, 0x0000000100000000)
  region size 1024K, 16 young (16384K), 16 survivors (16384K)
 Metaspace       used 35671K, committed 35968K, reserved 393216K
  class space    used 4903K, committed 5056K, reserved 327680K
}
Event: 31.432 GC heap before
{Heap before GC invocations=6 (full 0):
 garbage-first heap   total 262144K, used 40553K [0x00000000e0000000, 0x0000000100000000)
  region size 1024K, 17 young (17408K), 16 survivors (16384K)
 Metaspace       used 35780K, committed 36160K, reserved 393216K
  class space    used 4920K, committed 5120K, reserved 327680K
}
Event: 31.457 GC heap after
{Heap after GC invocations=7 (full 0):
 garbage-first heap   total 262144K, used 40707K [0x00000000e0000000, 0x0000000100000000)
  region size 1024K, 2 young (2048K), 2 survivors (2048K)
 Metaspace       used 35780K, committed 36160K, reserved 393216K
  class space    used 4920K, committed 5120K, reserved 327680K
}
Event: 31.554 GC heap before
{Heap before GC invocations=7 (full 0):
 garbage-first heap   total 262144K, used 41731K [0x00000000e0000000, 0x0000000100000000)
  region size 1024K, 4 young (4096K), 2 survivors (2048K)
 Metaspace       used 35960K, committed 36288K, reserved 393216K
  class space    used 4937K, committed 5120K, reserved 327680K
}
Event: 31.556 GC heap after
{Heap after GC invocations=8 (full 0):
 garbage-first heap   total 262144K, used 39566K [0x00000000e0000000, 0x0000000100000000)
  region size 1024K, 1 young (1024K), 1 survivors (1024K)
 Metaspace       used 35960K, committed 36288K, reserved 393216K
  class space    used 4937K, committed 5120K, reserved 327680K
}
Event: 47.865 GC heap before
{Heap before GC invocations=9 (full 0):
 garbage-first heap   total 262144K, used 206478K [0x00000000e0000000, 0x0000000100000000)
  region size 1024K, 153 young (156672K), 1 survivors (1024K)
 Metaspace       used 54697K, committed 55232K, reserved 393216K
  class space    used 7311K, committed 7552K, reserved 327680K
}
Event: 47.912 GC heap after
{Heap after GC invocations=10 (full 0):
 garbage-first heap   total 262144K, used 57085K [0x00000000e0000000, 0x0000000100000000)
  region size 1024K, 13 young (13312K), 13 survivors (13312K)
 Metaspace       used 54697K, committed 55232K, reserved 393216K
  class space    used 7311K, committed 7552K, reserved 327680K
}
Event: 55.951 GC heap before
{Heap before GC invocations=10 (full 0):
 garbage-first heap   total 262144K, used 163581K [0x00000000e0000000, 0x0000000100000000)
  region size 1024K, 109 young (111616K), 13 survivors (13312K)
 Metaspace       used 60042K, committed 60608K, reserved 393216K
  class space    used 8049K, committed 8320K, reserved 327680K
}
Event: 56.165 GC heap after
{Heap after GC invocations=11 (full 0):
 garbage-first heap   total 262144K, used 81875K [0x00000000e0000000, 0x0000000100000000)
  region size 1024K, 16 young (16384K), 16 survivors (16384K)
 Metaspace       used 60042K, committed 60608K, reserved 393216K
  class space    used 8049K, committed 8320K, reserved 327680K
}

